gpasm-1.5.2 #0 (Dec 27 2019) build/sdcc-16f87   27.12.2019  16:44:33        PAGE  1


LOC    OBJECT CODE    LINE  SOURCE TEXT
  VALUE

                      00001 ;--------------------------------------------------------
                      00002 ; File Created by SDCC : free open source ANSI-C Compiler
                      00003 ; Version 3.9.0 #11195 (Linux)
                      00004 ;--------------------------------------------------------
                      00005 ; PIC port for the 14-bit core
                      00006 ;--------------------------------------------------------
                      00007 ;       .file   "delay.c"
                      00008         list    p=16f876a
                      00009         radix dec
                      00010         include "p16f876a.inc"
                      00001         LIST
                      00002 
                      00003 ;==========================================================================
                      00004 ; Build date : Oct 21 2015
                      00005 ;  MPASM PIC16F876A processor include
                      00006 ; 
                      00007 ;  (c) Copyright 1999-2015 Microchip Technology, All rights reserved
                      00008 ;==========================================================================
                      00009 
                      00525         LIST
                      00011 ;--------------------------------------------------------
                      00012 ; external declarations
                      00013 ;--------------------------------------------------------
  0000                00014         extern  ___uchar2fs
  0000                00015         extern  ___schar2fs
  0000                00016         extern  ___uint2fs
  0000                00017         extern  ___sint2fs
  0000                00018         extern  ___ulong2fs
  0000                00019         extern  ___slong2fs
  0000                00020         extern  ___fs2uchar
  0000                00021         extern  ___fs2schar
  0000                00022         extern  ___fs2uint
  0000                00023         extern  ___fs2sint
  0000                00024         extern  ___fs2ulong
  0000                00025         extern  ___fs2slong
  0000                00026         extern  ___fsadd
  0000                00027         extern  ___fssub
  0000                00028         extern  ___fsmul
  0000                00029         extern  ___fsdiv
  0000                00030         extern  ___fslt
  0000                00031         extern  ___fseq
  0000                00032         extern  ___fsneq
  0000                00033         extern  ___fsgt
  0000                00034         extern  _cycle_eater
  0000                00035         extern  _STATUSbits
  0000                00036         extern  _PORTAbits
  0000                00037         extern  _PORTBbits
  0000                00038         extern  _PORTCbits
  0000                00039         extern  _INTCONbits
  0000                00040         extern  _PIR1bits
  0000                00041         extern  _PIR2bits
  0000                00042         extern  _T1CONbits
  0000                00043         extern  _T2CONbits
gpasm-1.5.2 #0 (Dec 27 2019) build/sdcc-16f87   27.12.2019  16:44:33        PAGE  2


LOC    OBJECT CODE    LINE  SOURCE TEXT
  VALUE

  0000                00044         extern  _SSPCONbits
  0000                00045         extern  _CCP1CONbits
  0000                00046         extern  _RCSTAbits
  0000                00047         extern  _CCP2CONbits
  0000                00048         extern  _ADCON0bits
  0000                00049         extern  _OPTION_REGbits
  0000                00050         extern  _TRISAbits
  0000                00051         extern  _TRISBbits
  0000                00052         extern  _TRISCbits
  0000                00053         extern  _PIE1bits
  0000                00054         extern  _PIE2bits
  0000                00055         extern  _PCONbits
  0000                00056         extern  _SSPCON2bits
  0000                00057         extern  _SSPSTATbits
  0000                00058         extern  _TXSTAbits
  0000                00059         extern  _CMCONbits
  0000                00060         extern  _CVRCONbits
  0000                00061         extern  _ADCON1bits
  0000                00062         extern  _EECON1bits
  0000                00063         extern  _dvar
  0000                00064         extern  _INDF
  0000                00065         extern  _TMR0
  0000                00066         extern  _PCL
  0000                00067         extern  _STATUS
  0000                00068         extern  _FSR
  0000                00069         extern  _PORTA
  0000                00070         extern  _PORTB
  0000                00071         extern  _PORTC
  0000                00072         extern  _PCLATH
  0000                00073         extern  _INTCON
  0000                00074         extern  _PIR1
  0000                00075         extern  _PIR2
  0000                00076         extern  _TMR1
  0000                00077         extern  _TMR1L
  0000                00078         extern  _TMR1H
  0000                00079         extern  _T1CON
  0000                00080         extern  _TMR2
  0000                00081         extern  _T2CON
  0000                00082         extern  _SSPBUF
  0000                00083         extern  _SSPCON
  0000                00084         extern  _CCPR1
  0000                00085         extern  _CCPR1L
  0000                00086         extern  _CCPR1H
  0000                00087         extern  _CCP1CON
  0000                00088         extern  _RCSTA
  0000                00089         extern  _TXREG
  0000                00090         extern  _RCREG
  0000                00091         extern  _CCPR2
  0000                00092         extern  _CCPR2L
  0000                00093         extern  _CCPR2H
  0000                00094         extern  _CCP2CON
  0000                00095         extern  _ADRESH
  0000                00096         extern  _ADCON0
gpasm-1.5.2 #0 (Dec 27 2019) build/sdcc-16f87   27.12.2019  16:44:33        PAGE  3


LOC    OBJECT CODE    LINE  SOURCE TEXT
  VALUE

  0000                00097         extern  _OPTION_REG
  0000                00098         extern  _TRISA
  0000                00099         extern  _TRISB
  0000                00100         extern  _TRISC
  0000                00101         extern  _PIE1
  0000                00102         extern  _PIE2
  0000                00103         extern  _PCON
  0000                00104         extern  _SSPCON2
  0000                00105         extern  _PR2
  0000                00106         extern  _SSPADD
  0000                00107         extern  _SSPSTAT
  0000                00108         extern  _TXSTA
  0000                00109         extern  _SPBRG
  0000                00110         extern  _CMCON
  0000                00111         extern  _CVRCON
  0000                00112         extern  _ADRESL
  0000                00113         extern  _ADCON1
  0000                00114         extern  _EEDATA
  0000                00115         extern  _EEADR
  0000                00116         extern  _EEDATH
  0000                00117         extern  _EEADRH
  0000                00118         extern  _EECON1
  0000                00119         extern  _EECON2
                      00120 
  0000                00121         extern PSAVE
  0000                00122         extern SSAVE
  0000                00123         extern WSAVE
  0000                00124         extern STK12
  0000                00125         extern STK11
  0000                00126         extern STK10
  0000                00127         extern STK09
  0000                00128         extern STK08
  0000                00129         extern STK07
  0000                00130         extern STK06
  0000                00131         extern STK05
  0000                00132         extern STK04
  0000                00133         extern STK03
  0000                00134         extern STK02
  0000                00135         extern STK01
  0000                00136         extern STK00
                      00137 ;--------------------------------------------------------
                      00138 ; global declarations
                      00139 ;--------------------------------------------------------
  0000                00140         global  _delay_us
  0000                00141         global  _delay_ms
                      00142 
                      00143 ;--------------------------------------------------------
                      00144 ; global definitions
                      00145 ;--------------------------------------------------------
                      00146 ;--------------------------------------------------------
                      00147 ; absolute symbol definitions
                      00148 ;--------------------------------------------------------
                      00149 ;--------------------------------------------------------
gpasm-1.5.2 #0 (Dec 27 2019) build/sdcc-16f87   27.12.2019  16:44:33        PAGE  4


LOC    OBJECT CODE    LINE  SOURCE TEXT
  VALUE

                      00150 ; compiler-defined variables
                      00151 ;--------------------------------------------------------
                      00152 UDL_delay_0     udata
0000                  00153 r0x1004 res     1
0001                  00154 r0x1001 res     1
0002                  00155 r0x1000 res     1
0003                  00156 r0x1002 res     1
0004                  00157 r0x1003 res     1
                      00158 ;--------------------------------------------------------
                      00159 ; initialized data
                      00160 ;--------------------------------------------------------
                      00161 ;--------------------------------------------------------
                      00162 ; overlayable items in internal ram 
                      00163 ;--------------------------------------------------------
                      00164 ;       udata_ovr
                      00165 ;--------------------------------------------------------
                      00166 ; code
                      00167 ;--------------------------------------------------------
                      00168 code_delay      code
                      00169 ;***
                      00170 ;  pBlock Stats: dbName = C
                      00171 ;***
                      00172 ;has an exit
                      00173 ;5 compiler assigned registers:
                      00174 ;   r0x1000
                      00175 ;   STK00
                      00176 ;   r0x1001
                      00177 ;   r0x1002
                      00178 ;   r0x1003
                      00179 ;; Starting pCode block
                      00180 S_delay__delay_ms       code
0000                  00181 _delay_ms:
                      00182 ; 2 exit points
                      00183 ;       .line   11; "delay.c"   delay_ms(unsigned int x) {
0000   0??? 0???      00184         BANKSEL r0x1000
0002   00??           00185         MOVWF   r0x1000
0003   08??           00186         MOVF    STK00,W
0004   00??           00187         MOVWF   r0x1001
                      00188 ;       .line   12; "delay.c"   unsigned char i = 255;
0005   30FF           00189         MOVLW   0xff
0006   00??           00190         MOVWF   r0x1002
0007                  00191 _00129_DS_:
                      00192 ;       .line   13; "delay.c"   for(x; x > 0; x--) {
0007   0??? 0???      00193         BANKSEL r0x1001
0009   08??           00194         MOVF    r0x1001,W
000A   04??           00195         IORWF   r0x1000,W
000B   1903           00196         BTFSC   STATUS,2
000C   2???           00197         GOTO    _00131_DS_
                      00198 ;       .line   14; "delay.c"   while(i > 0) i--;
000D   08??           00199         MOVF    r0x1002,W
000E   00??           00200         MOVWF   r0x1003
000F                  00201 _00112_DS_:
000F   3000           00202         MOVLW   0x00
gpasm-1.5.2 #0 (Dec 27 2019) build/sdcc-16f87   27.12.2019  16:44:33        PAGE  5


LOC    OBJECT CODE    LINE  SOURCE TEXT
  VALUE

0010   0??? 0???      00203         BANKSEL r0x1003
0012   04??           00204         IORWF   r0x1003,W
0013   1903           00205         BTFSC   STATUS,2
0014   2???           00206         GOTO    _00114_DS_
0015   03??           00207         DECF    r0x1003,F
0016   2???           00208         GOTO    _00112_DS_
0017                  00209 _00114_DS_:
                      00210 ;       .line   16; "delay.c"   while(i > 0) i--;
0017   30FF           00211         MOVLW   0xff
0018   0??? 0???      00212         BANKSEL r0x1003
001A   00??           00213         MOVWF   r0x1003
001B                  00214 _00115_DS_:
001B   3000           00215         MOVLW   0x00
001C   0??? 0???      00216         BANKSEL r0x1003
001E   04??           00217         IORWF   r0x1003,W
001F   1903           00218         BTFSC   STATUS,2
0020   2???           00219         GOTO    _00117_DS_
0021   03??           00220         DECF    r0x1003,F
0022   2???           00221         GOTO    _00115_DS_
0023                  00222 _00117_DS_:
                      00223 ;       .line   18; "delay.c"   while(i > 0) i--;
0023   30FF           00224         MOVLW   0xff
0024   0??? 0???      00225         BANKSEL r0x1003
0026   00??           00226         MOVWF   r0x1003
0027                  00227 _00118_DS_:
0027   3000           00228         MOVLW   0x00
0028   0??? 0???      00229         BANKSEL r0x1003
002A   04??           00230         IORWF   r0x1003,W
002B   1903           00231         BTFSC   STATUS,2
002C   2???           00232         GOTO    _00120_DS_
002D   03??           00233         DECF    r0x1003,F
002E   2???           00234         GOTO    _00118_DS_
002F                  00235 _00120_DS_:
                      00236 ;       .line   20; "delay.c"   while(i > 0) i--;
002F   30FF           00237         MOVLW   0xff
0030   0??? 0???      00238         BANKSEL r0x1003
0032   00??           00239         MOVWF   r0x1003
0033                  00240 _00121_DS_:
0033   3000           00241         MOVLW   0x00
0034   0??? 0???      00242         BANKSEL r0x1003
0036   04??           00243         IORWF   r0x1003,W
0037   1903           00244         BTFSC   STATUS,2
0038   2???           00245         GOTO    _00123_DS_
0039   03??           00246         DECF    r0x1003,F
003A   2???           00247         GOTO    _00121_DS_
003B                  00248 _00123_DS_:
                      00249 ;       .line   22; "delay.c"   while(i > 0) i--;
003B   3032           00250         MOVLW   0x32
003C   0??? 0???      00251         BANKSEL r0x1003
003E   00??           00252         MOVWF   r0x1003
003F                  00253 _00124_DS_:
003F   3000           00254         MOVLW   0x00
0040   0??? 0???      00255         BANKSEL r0x1003
gpasm-1.5.2 #0 (Dec 27 2019) build/sdcc-16f87   27.12.2019  16:44:33        PAGE  6


LOC    OBJECT CODE    LINE  SOURCE TEXT
  VALUE

0042   04??           00256         IORWF   r0x1003,W
0043   1903           00257         BTFSC   STATUS,2
0044   2???           00258         GOTO    _00151_DS_
0045   03??           00259         DECF    r0x1003,F
0046   2???           00260         GOTO    _00124_DS_
0047                  00261 _00151_DS_:
0047   0??? 0???      00262         BANKSEL r0x1003
0049   08??           00263         MOVF    r0x1003,W
004A   00??           00264         MOVWF   r0x1002
                      00265 ;       .line   13; "delay.c"   for(x; x > 0; x--) {
004B   30FF           00266         MOVLW   0xff
004C   07??           00267         ADDWF   r0x1001,F
004D   1C03           00268         BTFSS   STATUS,0
004E   03??           00269         DECF    r0x1000,F
004F   2???           00270         GOTO    _00129_DS_
0050                  00271 _00131_DS_:
                      00272 ;       .line   24; "delay.c"   }
0050   0008           00273         RETURN  
                      00274 ; exit point of _delay_ms
                      00275 
                      00276 ;***
                      00277 ;  pBlock Stats: dbName = C
                      00278 ;***
                      00279 ;has an exit
                      00280 ;1 compiler assigned register :
                      00281 ;   r0x1004
                      00282 ;; Starting pCode block
                      00283 S_delay__delay_us       code
0000                  00284 _delay_us:
                      00285 ; 2 exit points
                      00286 ;       .line   5; "delay.c"    delay_us(unsigned char x) {
0000   0??? 0???      00287         BANKSEL r0x1004
0002   00??           00288         MOVWF   r0x1004
0003                  00289 _00105_DS_:
                      00290 ;       .line   6; "delay.c"    while(x > 0) x--;
0003   3000           00291         MOVLW   0x00
0004   0??? 0???      00292         BANKSEL r0x1004
0006   04??           00293         IORWF   r0x1004,W
0007   1903           00294         BTFSC   STATUS,2
0008   2???           00295         GOTO    _00107_DS_
0009   03??           00296         DECF    r0x1004,F
000A   2???           00297         GOTO    _00105_DS_
000B                  00298 _00107_DS_:
000B   0000           00299         nop     
                      00300 ;       .line   8; "delay.c"    }
000C   0008           00301         RETURN  
                      00302 ; exit point of _delay_us
                      00303 
                      00304 
                      00305 ;       code size estimation:
                      00306 ;          65+   14 =    79 instructions (  186 byte)
                      00307 
                      00308         end
gpasm-1.5.2 #0 (Dec 27 2019) build/sdcc-16f87   27.12.2019  16:44:33        PAGE  7


SYMBOL TABLE
  LABEL                              TYPE        VALUE         VALUE          VALUE
                                                 (hex)         (dec)          (text)

ACKDT                             CONSTANT      00000005              5
ACKEN                             CONSTANT      00000004              4
ACKSTAT                           CONSTANT      00000006              6
ADCON0                            CONSTANT      0000001F             31
ADCON1                            CONSTANT      0000009F            159
ADCS0                             CONSTANT      00000006              6
ADCS1                             CONSTANT      00000007              7
ADCS2                             CONSTANT      00000006              6
ADDEN                             CONSTANT      00000003              3
ADFM                              CONSTANT      00000007              7
ADIE                              CONSTANT      00000006              6
ADIF                              CONSTANT      00000006              6
ADON                              CONSTANT      00000000              0
ADRESH                            CONSTANT      0000001E             30
ADRESL                            CONSTANT      0000009E            158
BCLIE                             CONSTANT      00000003              3
BCLIF                             CONSTANT      00000003              3
BF                                CONSTANT      00000000              0
BRGH                              CONSTANT      00000002              2
C                                 CONSTANT      00000000              0
C1INV                             CONSTANT      00000004              4
C1OUT                             CONSTANT      00000006              6
C2INV                             CONSTANT      00000005              5
C2OUT                             CONSTANT      00000007              7
CCP1CON                           CONSTANT      00000017             23
CCP1IE                            CONSTANT      00000002              2
CCP1IF                            CONSTANT      00000002              2
CCP1M0                            CONSTANT      00000000              0
CCP1M1                            CONSTANT      00000001              1
CCP1M2                            CONSTANT      00000002              2
CCP1M3                            CONSTANT      00000003              3
CCP1X                             CONSTANT      00000005              5
CCP1Y                             CONSTANT      00000004              4
CCP2CON                           CONSTANT      0000001D             29
CCP2IE                            CONSTANT      00000000              0
CCP2IF                            CONSTANT      00000000              0
CCP2M0                            CONSTANT      00000000              0
CCP2M1                            CONSTANT      00000001              1
CCP2M2                            CONSTANT      00000002              2
CCP2M3                            CONSTANT      00000003              3
CCP2X                             CONSTANT      00000005              5
CCP2Y                             CONSTANT      00000004              4
CCPR1                             CONSTANT      00000015             21
CCPR1H                            CONSTANT      00000016             22
CCPR1L                            CONSTANT      00000015             21
CCPR2                             CONSTANT      0000001B             27
CCPR2H                            CONSTANT      0000001C             28
CCPR2L                            CONSTANT      0000001B             27
CHS0                              CONSTANT      00000003              3
CHS1                              CONSTANT      00000004              4
CHS2                              CONSTANT      00000005              5
CIS                               CONSTANT      00000003              3
gpasm-1.5.2 #0 (Dec 27 2019) build/sdcc-16f87   27.12.2019  16:44:33        PAGE  8


SYMBOL TABLE
  LABEL                              TYPE        VALUE         VALUE          VALUE
                                                 (hex)         (dec)          (text)

CKE                               CONSTANT      00000006              6
CKP                               CONSTANT      00000004              4
CM0                               CONSTANT      00000000              0
CM1                               CONSTANT      00000001              1
CM2                               CONSTANT      00000002              2
CMCON                             CONSTANT      0000009C            156
CMIE                              CONSTANT      00000006              6
CMIF                              CONSTANT      00000006              6
CREN                              CONSTANT      00000004              4
CSRC                              CONSTANT      00000007              7
CVR0                              CONSTANT      00000000              0
CVR1                              CONSTANT      00000001              1
CVR2                              CONSTANT      00000002              2
CVR3                              CONSTANT      00000003              3
CVRCON                            CONSTANT      0000009D            157
CVREN                             CONSTANT      00000007              7
CVROE                             CONSTANT      00000006              6
CVRR                              CONSTANT      00000005              5
D                                 CONSTANT      00000005              5
DATA_ADDRESS                      CONSTANT      00000005              5
DC                                CONSTANT      00000001              1
D_A                               CONSTANT      00000005              5
D_NOT_A                           CONSTANT      00000005              5
EEADR                             CONSTANT      0000010D            269
EEADRH                            CONSTANT      0000010F            271
EECON1                            CONSTANT      0000018C            396
EECON2                            CONSTANT      0000018D            397
EEDATA                            CONSTANT      0000010C            268
EEDATH                            CONSTANT      0000010E            270
EEIE                              CONSTANT      00000004              4
EEIF                              CONSTANT      00000004              4
EEPGD                             CONSTANT      00000007              7
F                                 CONSTANT      00000001              1
FERR                              CONSTANT      00000002              2
FSR                               CONSTANT      00000004              4
GCEN                              CONSTANT      00000007              7
GIE                               CONSTANT      00000007              7
GO                                CONSTANT      00000002              2
GO_DONE                           CONSTANT      00000002              2
GO_NOT_DONE                       CONSTANT      00000002              2
I2C_DATA                          CONSTANT      00000005              5
I2C_READ                          CONSTANT      00000002              2
I2C_START                         CONSTANT      00000003              3
I2C_STOP                          CONSTANT      00000004              4
INDF                              CONSTANT      00000000              0
INTCON                            CONSTANT      0000000B             11
INTE                              CONSTANT      00000004              4
INTEDG                            CONSTANT      00000006              6
INTF                              CONSTANT      00000001              1
IRP                               CONSTANT      00000007              7
NOT_A                             CONSTANT      00000005              5
NOT_ADDRESS                       CONSTANT      00000005              5
gpasm-1.5.2 #0 (Dec 27 2019) build/sdcc-16f87   27.12.2019  16:44:33        PAGE  9


SYMBOL TABLE
  LABEL                              TYPE        VALUE         VALUE          VALUE
                                                 (hex)         (dec)          (text)

NOT_BO                            CONSTANT      00000000              0
NOT_BOR                           CONSTANT      00000000              0
NOT_DONE                          CONSTANT      00000002              2
NOT_PD                            CONSTANT      00000003              3
NOT_POR                           CONSTANT      00000001              1
NOT_RBPU                          CONSTANT      00000007              7
NOT_RC8                           CONSTANT      00000006              6
NOT_T1SYNC                        CONSTANT      00000002              2
NOT_TO                            CONSTANT      00000004              4
NOT_TX8                           CONSTANT      00000006              6
NOT_W                             CONSTANT      00000002              2
NOT_WRITE                         CONSTANT      00000002              2
OERR                              CONSTANT      00000001              1
OPTION_REG                        CONSTANT      00000081            129
P                                 CONSTANT      00000004              4
PCFG0                             CONSTANT      00000000              0
PCFG1                             CONSTANT      00000001              1
PCFG2                             CONSTANT      00000002              2
PCFG3                             CONSTANT      00000003              3
PCL                               CONSTANT      00000002              2
PCLATH                            CONSTANT      0000000A             10
PCON                              CONSTANT      0000008E            142
PEIE                              CONSTANT      00000006              6
PEN                               CONSTANT      00000002              2
PIE1                              CONSTANT      0000008C            140
PIE2                              CONSTANT      0000008D            141
PIR1                              CONSTANT      0000000C             12
PIR2                              CONSTANT      0000000D             13
PORTA                             CONSTANT      00000005              5
PORTB                             CONSTANT      00000006              6
PORTC                             CONSTANT      00000007              7
PR2                               CONSTANT      00000092            146
PS0                               CONSTANT      00000000              0
PS1                               CONSTANT      00000001              1
PS2                               CONSTANT      00000002              2
PSA                               CONSTANT      00000003              3
PSAVE                             EXTERNAL      00000000              0
R                                 CONSTANT      00000002              2
RA0                               CONSTANT      00000000              0
RA1                               CONSTANT      00000001              1
RA2                               CONSTANT      00000002              2
RA3                               CONSTANT      00000003              3
RA4                               CONSTANT      00000004              4
RA5                               CONSTANT      00000005              5
RB0                               CONSTANT      00000000              0
RB1                               CONSTANT      00000001              1
RB2                               CONSTANT      00000002              2
RB3                               CONSTANT      00000003              3
RB4                               CONSTANT      00000004              4
RB5                               CONSTANT      00000005              5
RB6                               CONSTANT      00000006              6
RB7                               CONSTANT      00000007              7
gpasm-1.5.2 #0 (Dec 27 2019) build/sdcc-16f87   27.12.2019  16:44:33        PAGE 10


SYMBOL TABLE
  LABEL                              TYPE        VALUE         VALUE          VALUE
                                                 (hex)         (dec)          (text)

RBIE                              CONSTANT      00000003              3
RBIF                              CONSTANT      00000000              0
RC0                               CONSTANT      00000000              0
RC1                               CONSTANT      00000001              1
RC2                               CONSTANT      00000002              2
RC3                               CONSTANT      00000003              3
RC4                               CONSTANT      00000004              4
RC5                               CONSTANT      00000005              5
RC6                               CONSTANT      00000006              6
RC7                               CONSTANT      00000007              7
RC8_9                             CONSTANT      00000006              6
RC9                               CONSTANT      00000006              6
RCD8                              CONSTANT      00000000              0
RCEN                              CONSTANT      00000003              3
RCIE                              CONSTANT      00000005              5
RCIF                              CONSTANT      00000005              5
RCREG                             CONSTANT      0000001A             26
RCSTA                             CONSTANT      00000018             24
RD                                CONSTANT      00000000              0
READ_WRITE                        CONSTANT      00000002              2
RP0                               CONSTANT      00000005              5
RP1                               CONSTANT      00000006              6
RSEN                              CONSTANT      00000001              1
RX9                               CONSTANT      00000006              6
RX9D                              CONSTANT      00000000              0
R_NOT_W                           CONSTANT      00000002              2
R_W                               CONSTANT      00000002              2
S                                 CONSTANT      00000003              3
SEN                               CONSTANT      00000000              0
SMP                               CONSTANT      00000007              7
SPBRG                             CONSTANT      00000099            153
SPEN                              CONSTANT      00000007              7
SREN                              CONSTANT      00000005              5
SSAVE                             EXTERNAL      00000000              0
SSPADD                            CONSTANT      00000093            147
SSPBUF                            CONSTANT      00000013             19
SSPCON                            CONSTANT      00000014             20
SSPCON2                           CONSTANT      00000091            145
SSPEN                             CONSTANT      00000005              5
SSPIE                             CONSTANT      00000003              3
SSPIF                             CONSTANT      00000003              3
SSPM0                             CONSTANT      00000000              0
SSPM1                             CONSTANT      00000001              1
SSPM2                             CONSTANT      00000002              2
SSPM3                             CONSTANT      00000003              3
SSPOV                             CONSTANT      00000006              6
SSPSTAT                           CONSTANT      00000094            148
STATUS                            CONSTANT      00000003              3
STK00                             EXTERNAL      00000000              0
STK01                             EXTERNAL      00000000              0
STK02                             EXTERNAL      00000000              0
STK03                             EXTERNAL      00000000              0
gpasm-1.5.2 #0 (Dec 27 2019) build/sdcc-16f87   27.12.2019  16:44:33        PAGE 11


SYMBOL TABLE
  LABEL                              TYPE        VALUE         VALUE          VALUE
                                                 (hex)         (dec)          (text)

STK04                             EXTERNAL      00000000              0
STK05                             EXTERNAL      00000000              0
STK06                             EXTERNAL      00000000              0
STK07                             EXTERNAL      00000000              0
STK08                             EXTERNAL      00000000              0
STK09                             EXTERNAL      00000000              0
STK10                             EXTERNAL      00000000              0
STK11                             EXTERNAL      00000000              0
STK12                             EXTERNAL      00000000              0
SYNC                              CONSTANT      00000004              4
T0CS                              CONSTANT      00000005              5
T0IE                              CONSTANT      00000005              5
T0IF                              CONSTANT      00000002              2
T0SE                              CONSTANT      00000004              4
T1CKPS0                           CONSTANT      00000004              4
T1CKPS1                           CONSTANT      00000005              5
T1CON                             CONSTANT      00000010             16
T1INSYNC                          CONSTANT      00000002              2
T1OSCEN                           CONSTANT      00000003              3
T1SYNC                            CONSTANT      00000002              2
T2CKPS0                           CONSTANT      00000000              0
T2CKPS1                           CONSTANT      00000001              1
T2CON                             CONSTANT      00000012             18
TMR0                              CONSTANT      00000001              1
TMR0IE                            CONSTANT      00000005              5
TMR0IF                            CONSTANT      00000002              2
TMR1                              CONSTANT      0000000E             14
TMR1CS                            CONSTANT      00000001              1
TMR1H                             CONSTANT      0000000F             15
TMR1IE                            CONSTANT      00000000              0
TMR1IF                            CONSTANT      00000000              0
TMR1L                             CONSTANT      0000000E             14
TMR1ON                            CONSTANT      00000000              0
TMR2                              CONSTANT      00000011             17
TMR2IE                            CONSTANT      00000001              1
TMR2IF                            CONSTANT      00000001              1
TMR2ON                            CONSTANT      00000002              2
TOUTPS0                           CONSTANT      00000003              3
TOUTPS1                           CONSTANT      00000004              4
TOUTPS2                           CONSTANT      00000005              5
TOUTPS3                           CONSTANT      00000006              6
TRISA                             CONSTANT      00000085            133
TRISA0                            CONSTANT      00000000              0
TRISA1                            CONSTANT      00000001              1
TRISA2                            CONSTANT      00000002              2
TRISA3                            CONSTANT      00000003              3
TRISA4                            CONSTANT      00000004              4
TRISA5                            CONSTANT      00000005              5
TRISB                             CONSTANT      00000086            134
TRISB0                            CONSTANT      00000000              0
TRISB1                            CONSTANT      00000001              1
TRISB2                            CONSTANT      00000002              2
gpasm-1.5.2 #0 (Dec 27 2019) build/sdcc-16f87   27.12.2019  16:44:33        PAGE 12


SYMBOL TABLE
  LABEL                              TYPE        VALUE         VALUE          VALUE
                                                 (hex)         (dec)          (text)

TRISB3                            CONSTANT      00000003              3
TRISB4                            CONSTANT      00000004              4
TRISB5                            CONSTANT      00000005              5
TRISB6                            CONSTANT      00000006              6
TRISB7                            CONSTANT      00000007              7
TRISC                             CONSTANT      00000087            135
TRISC0                            CONSTANT      00000000              0
TRISC1                            CONSTANT      00000001              1
TRISC2                            CONSTANT      00000002              2
TRISC3                            CONSTANT      00000003              3
TRISC4                            CONSTANT      00000004              4
TRISC5                            CONSTANT      00000005              5
TRISC6                            CONSTANT      00000006              6
TRISC7                            CONSTANT      00000007              7
TRMT                              CONSTANT      00000001              1
TX8_9                             CONSTANT      00000006              6
TX9                               CONSTANT      00000006              6
TX9D                              CONSTANT      00000000              0
TXD8                              CONSTANT      00000000              0
TXEN                              CONSTANT      00000005              5
TXIE                              CONSTANT      00000004              4
TXIF                              CONSTANT      00000004              4
TXREG                             CONSTANT      00000019             25
TXSTA                             CONSTANT      00000098            152
UA                                CONSTANT      00000001              1
W                                 CONSTANT      00000000              0
WCOL                              CONSTANT      00000007              7
WR                                CONSTANT      00000001              1
WREN                              CONSTANT      00000002              2
WRERR                             CONSTANT      00000003              3
WSAVE                             EXTERNAL      00000000              0
Z                                 CONSTANT      00000002              2
_00105_DS_                        ADDRESS       00000003              3
_00107_DS_                        ADDRESS       0000000B             11
_00112_DS_                        ADDRESS       0000000F             15
_00114_DS_                        ADDRESS       00000017             23
_00115_DS_                        ADDRESS       0000001B             27
_00117_DS_                        ADDRESS       00000023             35
_00118_DS_                        ADDRESS       00000027             39
_00120_DS_                        ADDRESS       0000002F             47
_00121_DS_                        ADDRESS       00000033             51
_00123_DS_                        ADDRESS       0000003B             59
_00124_DS_                        ADDRESS       0000003F             63
_00129_DS_                        ADDRESS       00000007              7
_00131_DS_                        ADDRESS       00000050             80
_00151_DS_                        ADDRESS       00000047             71
_ADCON0                           EXTERNAL      00000000              0
_ADCON0bits                       EXTERNAL      00000000              0
_ADCON1                           EXTERNAL      00000000              0
_ADCON1bits                       EXTERNAL      00000000              0
_ADRESH                           EXTERNAL      00000000              0
_ADRESL                           EXTERNAL      00000000              0
gpasm-1.5.2 #0 (Dec 27 2019) build/sdcc-16f87   27.12.2019  16:44:33        PAGE 13


SYMBOL TABLE
  LABEL                              TYPE        VALUE         VALUE          VALUE
                                                 (hex)         (dec)          (text)

_BODEN_OFF                        CONSTANT      00003FBF          16319
_BODEN_ON                         CONSTANT      00003FFF          16383
_BOREN_OFF                        CONSTANT      00003FBF          16319
_BOREN_ON                         CONSTANT      00003FFF          16383
_CCP1CON                          EXTERNAL      00000000              0
_CCP1CONbits                      EXTERNAL      00000000              0
_CCP2CON                          EXTERNAL      00000000              0
_CCP2CONbits                      EXTERNAL      00000000              0
_CCPR1                            EXTERNAL      00000000              0
_CCPR1H                           EXTERNAL      00000000              0
_CCPR1L                           EXTERNAL      00000000              0
_CCPR2                            EXTERNAL      00000000              0
_CCPR2H                           EXTERNAL      00000000              0
_CCPR2L                           EXTERNAL      00000000              0
_CMCON                            EXTERNAL      00000000              0
_CMCONbits                        EXTERNAL      00000000              0
_CONFIG                           CONSTANT      00002007           8199
_CPD_OFF                          CONSTANT      00003FFF          16383
_CPD_ON                           CONSTANT      00003EFF          16127
_CP_ALL                           CONSTANT      00001FFF           8191
_CP_OFF                           CONSTANT      00003FFF          16383
_CP_ON                            CONSTANT      00001FFF           8191
_CVRCON                           EXTERNAL      00000000              0
_CVRCONbits                       EXTERNAL      00000000              0
_DEBUG_OFF                        CONSTANT      00003FFF          16383
_DEBUG_ON                         CONSTANT      000037FF          14335
_DEVID1                           CONSTANT      00002006           8198
_EEADR                            EXTERNAL      00000000              0
_EEADRH                           EXTERNAL      00000000              0
_EECON1                           EXTERNAL      00000000              0
_EECON1bits                       EXTERNAL      00000000              0
_EECON2                           EXTERNAL      00000000              0
_EEDATA                           EXTERNAL      00000000              0
_EEDATH                           EXTERNAL      00000000              0
_FOSC_EXTRC                       CONSTANT      00003FFF          16383
_FOSC_HS                          CONSTANT      00003FFE          16382
_FOSC_LP                          CONSTANT      00003FFC          16380
_FOSC_XT                          CONSTANT      00003FFD          16381
_FSR                              EXTERNAL      00000000              0
_HS_OSC                           CONSTANT      00003FFE          16382
_IDLOC0                           CONSTANT      00002000           8192
_IDLOC1                           CONSTANT      00002001           8193
_IDLOC2                           CONSTANT      00002002           8194
_IDLOC3                           CONSTANT      00002003           8195
_INDF                             EXTERNAL      00000000              0
_INTCON                           EXTERNAL      00000000              0
_INTCONbits                       EXTERNAL      00000000              0
_LP_OSC                           CONSTANT      00003FFC          16380
_LVP_OFF                          CONSTANT      00003F7F          16255
_LVP_ON                           CONSTANT      00003FFF          16383
_OPTION_REG                       EXTERNAL      00000000              0
_OPTION_REGbits                   EXTERNAL      00000000              0
gpasm-1.5.2 #0 (Dec 27 2019) build/sdcc-16f87   27.12.2019  16:44:33        PAGE 14


SYMBOL TABLE
  LABEL                              TYPE        VALUE         VALUE          VALUE
                                                 (hex)         (dec)          (text)

_PCL                              EXTERNAL      00000000              0
_PCLATH                           EXTERNAL      00000000              0
_PCON                             EXTERNAL      00000000              0
_PCONbits                         EXTERNAL      00000000              0
_PIE1                             EXTERNAL      00000000              0
_PIE1bits                         EXTERNAL      00000000              0
_PIE2                             EXTERNAL      00000000              0
_PIE2bits                         EXTERNAL      00000000              0
_PIR1                             EXTERNAL      00000000              0
_PIR1bits                         EXTERNAL      00000000              0
_PIR2                             EXTERNAL      00000000              0
_PIR2bits                         EXTERNAL      00000000              0
_PORTA                            EXTERNAL      00000000              0
_PORTAbits                        EXTERNAL      00000000              0
_PORTB                            EXTERNAL      00000000              0
_PORTBbits                        EXTERNAL      00000000              0
_PORTC                            EXTERNAL      00000000              0
_PORTCbits                        EXTERNAL      00000000              0
_PR2                              EXTERNAL      00000000              0
_PWRTE_OFF                        CONSTANT      00003FFF          16383
_PWRTE_ON                         CONSTANT      00003FF7          16375
_RCREG                            EXTERNAL      00000000              0
_RCSTA                            EXTERNAL      00000000              0
_RCSTAbits                        EXTERNAL      00000000              0
_RC_OSC                           CONSTANT      00003FFF          16383
_SPBRG                            EXTERNAL      00000000              0
_SSPADD                           EXTERNAL      00000000              0
_SSPBUF                           EXTERNAL      00000000              0
_SSPCON                           EXTERNAL      00000000              0
_SSPCON2                          EXTERNAL      00000000              0
_SSPCON2bits                      EXTERNAL      00000000              0
_SSPCONbits                       EXTERNAL      00000000              0
_SSPSTAT                          EXTERNAL      00000000              0
_SSPSTATbits                      EXTERNAL      00000000              0
_STATUS                           EXTERNAL      00000000              0
_STATUSbits                       EXTERNAL      00000000              0
_T1CON                            EXTERNAL      00000000              0
_T1CONbits                        EXTERNAL      00000000              0
_T2CON                            EXTERNAL      00000000              0
_T2CONbits                        EXTERNAL      00000000              0
_TMR0                             EXTERNAL      00000000              0
_TMR1                             EXTERNAL      00000000              0
_TMR1H                            EXTERNAL      00000000              0
_TMR1L                            EXTERNAL      00000000              0
_TMR2                             EXTERNAL      00000000              0
_TRISA                            EXTERNAL      00000000              0
_TRISAbits                        EXTERNAL      00000000              0
_TRISB                            EXTERNAL      00000000              0
_TRISBbits                        EXTERNAL      00000000              0
_TRISC                            EXTERNAL      00000000              0
_TRISCbits                        EXTERNAL      00000000              0
_TXREG                            EXTERNAL      00000000              0
gpasm-1.5.2 #0 (Dec 27 2019) build/sdcc-16f87   27.12.2019  16:44:33        PAGE 15


SYMBOL TABLE
  LABEL                              TYPE        VALUE         VALUE          VALUE
                                                 (hex)         (dec)          (text)

_TXSTA                            EXTERNAL      00000000              0
_TXSTAbits                        EXTERNAL      00000000              0
_WDTE_OFF                         CONSTANT      00003FFB          16379
_WDTE_ON                          CONSTANT      00003FFF          16383
_WDT_OFF                          CONSTANT      00003FFB          16379
_WDT_ON                           CONSTANT      00003FFF          16383
_WRT_1FOURTH                      CONSTANT      00003BFF          15359
_WRT_256                          CONSTANT      00003DFF          15871
_WRT_HALF                         CONSTANT      000039FF          14847
_WRT_OFF                          CONSTANT      00003FFF          16383
_XT_OSC                           CONSTANT      00003FFD          16381
__14_BIT                          CONSTANT      00000001              1
__16F876A                         CONSTANT      00000001              1
__ACTIVE_BANK_ADDR                VARIABLE      FFFFFFFF             -1
__ACTIVE_PAGE_ADDR                VARIABLE      FFFFFFFF             -1
__ASSUMED_BANK_ADDR               VARIABLE      FFFFFFFF             -1
__BANK_0                          CONSTANT      00000000              0
__BANK_1                          CONSTANT      00000080            128
__BANK_2                          CONSTANT      00000100            256
__BANK_3                          CONSTANT      00000180            384
__BANK_BITS                       CONSTANT      00000180            384
__BANK_FIRST                      CONSTANT      00000000              0
__BANK_INV                        CONSTANT      FFFFFFFF             -1
__BANK_LAST                       CONSTANT      00000180            384
__BANK_MASK                       CONSTANT      0000007F            127
__BANK_SHIFT                      CONSTANT      00000007              7
__BANK_SIZE                       CONSTANT      00000080            128
__CODE_END                        CONSTANT      00001FFF           8191
__CODE_START                      CONSTANT      00000000              0
__COMMON_RAM_END                  CONSTANT      0000007F            127
__COMMON_RAM_START                CONSTANT      00000070            112
__CONFIG_END                      CONSTANT      00002007           8199
__CONFIG_START                    CONSTANT      00002007           8199
__EEPROM_END                      CONSTANT      000021FF           8703
__EEPROM_START                    CONSTANT      00002100           8448
__GPUTILS_SVN_VERSION             CONSTANT      00000000              0
__GPUTILS_VERSION_MAJOR           CONSTANT      00000001              1
__GPUTILS_VERSION_MICRO           CONSTANT      00000002              2
__GPUTILS_VERSION_MINOR           CONSTANT      00000005              5
__IDLOCS_END                      CONSTANT      00002003           8195
__IDLOCS_START                    CONSTANT      00002000           8192
__NUM_BANKS                       CONSTANT      00000004              4
__NUM_PAGES                       CONSTANT      00000004              4
__PAGE_0                          CONSTANT      00000000              0
__PAGE_1                          CONSTANT      00000800           2048
__PAGE_2                          CONSTANT      00001000           4096
__PAGE_3                          CONSTANT      00001800           6144
__PAGE_BITS                       CONSTANT      00001800           6144
__PAGE_FIRST                      CONSTANT      00000000              0
__PAGE_INV                        CONSTANT      FFFFFFFF             -1
__PAGE_LAST                       CONSTANT      00001800           6144
__PAGE_MASK                       CONSTANT      000007FF           2047
gpasm-1.5.2 #0 (Dec 27 2019) build/sdcc-16f87   27.12.2019  16:44:33        PAGE 16


SYMBOL TABLE
  LABEL                              TYPE        VALUE         VALUE          VALUE
                                                 (hex)         (dec)          (text)

__PAGE_SHIFT                      CONSTANT      0000000B             11
__PAGE_SIZE                       CONSTANT      00000800           2048
__VECTOR_INT                      CONSTANT      00000004              4
__VECTOR_RESET                    CONSTANT      00000000              0
__WHILE_LOOP_COUNT_MAX            CONSTANT      000000FF            255
___fs2schar                       EXTERNAL      00000000              0
___fs2sint                        EXTERNAL      00000000              0
___fs2slong                       EXTERNAL      00000000              0
___fs2uchar                       EXTERNAL      00000000              0
___fs2uint                        EXTERNAL      00000000              0
___fs2ulong                       EXTERNAL      00000000              0
___fsadd                          EXTERNAL      00000000              0
___fsdiv                          EXTERNAL      00000000              0
___fseq                           EXTERNAL      00000000              0
___fsgt                           EXTERNAL      00000000              0
___fslt                           EXTERNAL      00000000              0
___fsmul                          EXTERNAL      00000000              0
___fsneq                          EXTERNAL      00000000              0
___fssub                          EXTERNAL      00000000              0
___schar2fs                       EXTERNAL      00000000              0
___sint2fs                        EXTERNAL      00000000              0
___slong2fs                       EXTERNAL      00000000              0
___uchar2fs                       EXTERNAL      00000000              0
___uint2fs                        EXTERNAL      00000000              0
___ulong2fs                       EXTERNAL      00000000              0
_cycle_eater                      EXTERNAL      00000000              0
_delay_ms                         GLOBAL        00000000              0
_delay_us                         GLOBAL        00000000              0
_dvar                             EXTERNAL      00000000              0
r0x1000                           STATIC        00000002              2
r0x1001                           STATIC        00000001              1
r0x1002                           STATIC        00000003              3
r0x1003                           STATIC        00000004              4
r0x1004                           STATIC        00000000              0

Errors   :     0
Warnings :     0 reported,     0 suppressed
Messages :     0 reported,     0 suppressed

