

Microchip Technology PIC PRO Macro Assembler V1.34 build -361300703 
                                                                                               Fri Dec 27 15:43:13 2019

Microchip Technology Omniscient Code Generator (PRO mode) build 201502162209
     1                           	processor	16F876A
     2                           	opt	pw 120
     3                           	opt	pm
     4                           	psect	strings,global,class=STRING,delta=2
     5                           	psect	cinit,global,class=CODE,merge=1,delta=2
     6                           	psect	bssCOMMON,global,class=COMMON,space=1,delta=1
     7                           	psect	bssBANK0,global,class=BANK0,space=1,delta=1
     8                           	psect	clrtext,global,class=CODE,delta=2
     9                           	psect	cstackCOMMON,global,class=COMMON,space=1,delta=1
    10                           	psect	maintext,global,class=CODE,split=1,delta=2
    11                           	psect	pa_nodes,global,class=CODE,delta=2
    12                           	dabs	1,0x7E,2
    13  0000                     	;# 
    14  0001                     	;# 
    15  0002                     	;# 
    16  0003                     	;# 
    17  0004                     	;# 
    18  0005                     	;# 
    19  0006                     	;# 
    20  0007                     	;# 
    21  000A                     	;# 
    22  000B                     	;# 
    23  000C                     	;# 
    24  000D                     	;# 
    25  000E                     	;# 
    26  000E                     	;# 
    27  000F                     	;# 
    28  0010                     	;# 
    29  0011                     	;# 
    30  0012                     	;# 
    31  0013                     	;# 
    32  0014                     	;# 
    33  0015                     	;# 
    34  0015                     	;# 
    35  0016                     	;# 
    36  0017                     	;# 
    37  0018                     	;# 
    38  0019                     	;# 
    39  001A                     	;# 
    40  001B                     	;# 
    41  001B                     	;# 
    42  001C                     	;# 
    43  001D                     	;# 
    44  001E                     	;# 
    45  001F                     	;# 
    46  0081                     	;# 
    47  0085                     	;# 
    48  0086                     	;# 
    49  0087                     	;# 
    50  008C                     	;# 
    51  008D                     	;# 
    52  008E                     	;# 
    53  0091                     	;# 
    54  0092                     	;# 
    55  0093                     	;# 
    56  0094                     	;# 
    57  0098                     	;# 
    58  0099                     	;# 
    59  009C                     	;# 
    60  009D                     	;# 
    61  009E                     	;# 
    62  009F                     	;# 
    63  010C                     	;# 
    64  010D                     	;# 
    65  010E                     	;# 
    66  010F                     	;# 
    67  018C                     	;# 
    68  018D                     	;# 
    69  0000                     	;# 
    70  0001                     	;# 
    71  0002                     	;# 
    72  0003                     	;# 
    73  0004                     	;# 
    74  0005                     	;# 
    75  0006                     	;# 
    76  0007                     	;# 
    77  000A                     	;# 
    78  000B                     	;# 
    79  000C                     	;# 
    80  000D                     	;# 
    81  000E                     	;# 
    82  000E                     	;# 
    83  000F                     	;# 
    84  0010                     	;# 
    85  0011                     	;# 
    86  0012                     	;# 
    87  0013                     	;# 
    88  0014                     	;# 
    89  0015                     	;# 
    90  0015                     	;# 
    91  0016                     	;# 
    92  0017                     	;# 
    93  0018                     	;# 
    94  0019                     	;# 
    95  001A                     	;# 
    96  001B                     	;# 
    97  001B                     	;# 
    98  001C                     	;# 
    99  001D                     	;# 
   100  001E                     	;# 
   101  001F                     	;# 
   102  0081                     	;# 
   103  0085                     	;# 
   104  0086                     	;# 
   105  0087                     	;# 
   106  008C                     	;# 
   107  008D                     	;# 
   108  008E                     	;# 
   109  0091                     	;# 
   110  0092                     	;# 
   111  0093                     	;# 
   112  0094                     	;# 
   113  0098                     	;# 
   114  0099                     	;# 
   115  009C                     	;# 
   116  009D                     	;# 
   117  009E                     	;# 
   118  009F                     	;# 
   119  010C                     	;# 
   120  010D                     	;# 
   121  010E                     	;# 
   122  010F                     	;# 
   123  018C                     	;# 
   124  018D                     	;# 
   125  0000                     	;# 
   126  0001                     	;# 
   127  0002                     	;# 
   128  0003                     	;# 
   129  0004                     	;# 
   130  0005                     	;# 
   131  0006                     	;# 
   132  0007                     	;# 
   133  000A                     	;# 
   134  000B                     	;# 
   135  000C                     	;# 
   136  000D                     	;# 
   137  000E                     	;# 
   138  000E                     	;# 
   139  000F                     	;# 
   140  0010                     	;# 
   141  0011                     	;# 
   142  0012                     	;# 
   143  0013                     	;# 
   144  0014                     	;# 
   145  0015                     	;# 
   146  0015                     	;# 
   147  0016                     	;# 
   148  0017                     	;# 
   149  0018                     	;# 
   150  0019                     	;# 
   151  001A                     	;# 
   152  001B                     	;# 
   153  001B                     	;# 
   154  001C                     	;# 
   155  001D                     	;# 
   156  001E                     	;# 
   157  001F                     	;# 
   158  0081                     	;# 
   159  0085                     	;# 
   160  0086                     	;# 
   161  0087                     	;# 
   162  008C                     	;# 
   163  008D                     	;# 
   164  008E                     	;# 
   165  0091                     	;# 
   166  0092                     	;# 
   167  0093                     	;# 
   168  0094                     	;# 
   169  0098                     	;# 
   170  0099                     	;# 
   171  009C                     	;# 
   172  009D                     	;# 
   173  009E                     	;# 
   174  009F                     	;# 
   175  010C                     	;# 
   176  010D                     	;# 
   177  010E                     	;# 
   178  010F                     	;# 
   179  018C                     	;# 
   180  018D                     	;# 
   181  0000                     	;# 
   182  0001                     	;# 
   183  0002                     	;# 
   184  0003                     	;# 
   185  0004                     	;# 
   186  0005                     	;# 
   187  0006                     	;# 
   188  0007                     	;# 
   189  000A                     	;# 
   190  000B                     	;# 
   191  000C                     	;# 
   192  000D                     	;# 
   193  000E                     	;# 
   194  000E                     	;# 
   195  000F                     	;# 
   196  0010                     	;# 
   197  0011                     	;# 
   198  0012                     	;# 
   199  0013                     	;# 
   200  0014                     	;# 
   201  0015                     	;# 
   202  0015                     	;# 
   203  0016                     	;# 
   204  0017                     	;# 
   205  0018                     	;# 
   206  0019                     	;# 
   207  001A                     	;# 
   208  001B                     	;# 
   209  001B                     	;# 
   210  001C                     	;# 
   211  001D                     	;# 
   212  001E                     	;# 
   213  001F                     	;# 
   214  0081                     	;# 
   215  0085                     	;# 
   216  0086                     	;# 
   217  0087                     	;# 
   218  008C                     	;# 
   219  008D                     	;# 
   220  008E                     	;# 
   221  0091                     	;# 
   222  0092                     	;# 
   223  0093                     	;# 
   224  0094                     	;# 
   225  0098                     	;# 
   226  0099                     	;# 
   227  009C                     	;# 
   228  009D                     	;# 
   229  009E                     	;# 
   230  009F                     	;# 
   231  010C                     	;# 
   232  010D                     	;# 
   233  010E                     	;# 
   234  010F                     	;# 
   235  018C                     	;# 
   236  018D                     	;# 
   237  0000                     	;# 
   238  0001                     	;# 
   239  0002                     	;# 
   240  0003                     	;# 
   241  0004                     	;# 
   242  0005                     	;# 
   243  0006                     	;# 
   244  0007                     	;# 
   245  000A                     	;# 
   246  000B                     	;# 
   247  000C                     	;# 
   248  000D                     	;# 
   249  000E                     	;# 
   250  000E                     	;# 
   251  000F                     	;# 
   252  0010                     	;# 
   253  0011                     	;# 
   254  0012                     	;# 
   255  0013                     	;# 
   256  0014                     	;# 
   257  0015                     	;# 
   258  0015                     	;# 
   259  0016                     	;# 
   260  0017                     	;# 
   261  0018                     	;# 
   262  0019                     	;# 
   263  001A                     	;# 
   264  001B                     	;# 
   265  001B                     	;# 
   266  001C                     	;# 
   267  001D                     	;# 
   268  001E                     	;# 
   269  001F                     	;# 
   270  0081                     	;# 
   271  0085                     	;# 
   272  0086                     	;# 
   273  0087                     	;# 
   274  008C                     	;# 
   275  008D                     	;# 
   276  008E                     	;# 
   277  0091                     	;# 
   278  0092                     	;# 
   279  0093                     	;# 
   280  0094                     	;# 
   281  0098                     	;# 
   282  0099                     	;# 
   283  009C                     	;# 
   284  009D                     	;# 
   285  009E                     	;# 
   286  009F                     	;# 
   287  010C                     	;# 
   288  010D                     	;# 
   289  010E                     	;# 
   290  010F                     	;# 
   291  018C                     	;# 
   292  018D                     	;# 
   293  0000                     	;# 
   294  0001                     	;# 
   295  0002                     	;# 
   296  0003                     	;# 
   297  0004                     	;# 
   298  0005                     	;# 
   299  0006                     	;# 
   300  0007                     	;# 
   301  000A                     	;# 
   302  000B                     	;# 
   303  000C                     	;# 
   304  000D                     	;# 
   305  000E                     	;# 
   306  000E                     	;# 
   307  000F                     	;# 
   308  0010                     	;# 
   309  0011                     	;# 
   310  0012                     	;# 
   311  0013                     	;# 
   312  0014                     	;# 
   313  0015                     	;# 
   314  0015                     	;# 
   315  0016                     	;# 
   316  0017                     	;# 
   317  0018                     	;# 
   318  0019                     	;# 
   319  001A                     	;# 
   320  001B                     	;# 
   321  001B                     	;# 
   322  001C                     	;# 
   323  001D                     	;# 
   324  001E                     	;# 
   325  001F                     	;# 
   326  0081                     	;# 
   327  0085                     	;# 
   328  0086                     	;# 
   329  0087                     	;# 
   330  008C                     	;# 
   331  008D                     	;# 
   332  008E                     	;# 
   333  0091                     	;# 
   334  0092                     	;# 
   335  0093                     	;# 
   336  0094                     	;# 
   337  0098                     	;# 
   338  0099                     	;# 
   339  009C                     	;# 
   340  009D                     	;# 
   341  009E                     	;# 
   342  009F                     	;# 
   343  010C                     	;# 
   344  010D                     	;# 
   345  010E                     	;# 
   346  010F                     	;# 
   347  018C                     	;# 
   348  018D                     	;# 
   349  0000                     	;# 
   350  0001                     	;# 
   351  0002                     	;# 
   352  0003                     	;# 
   353  0004                     	;# 
   354  0005                     	;# 
   355  0006                     	;# 
   356  0007                     	;# 
   357  000A                     	;# 
   358  000B                     	;# 
   359  000C                     	;# 
   360  000D                     	;# 
   361  000E                     	;# 
   362  000E                     	;# 
   363  000F                     	;# 
   364  0010                     	;# 
   365  0011                     	;# 
   366  0012                     	;# 
   367  0013                     	;# 
   368  0014                     	;# 
   369  0015                     	;# 
   370  0015                     	;# 
   371  0016                     	;# 
   372  0017                     	;# 
   373  0018                     	;# 
   374  0019                     	;# 
   375  001A                     	;# 
   376  001B                     	;# 
   377  001B                     	;# 
   378  001C                     	;# 
   379  001D                     	;# 
   380  001E                     	;# 
   381  001F                     	;# 
   382  0081                     	;# 
   383  0085                     	;# 
   384  0086                     	;# 
   385  0087                     	;# 
   386  008C                     	;# 
   387  008D                     	;# 
   388  008E                     	;# 
   389  0091                     	;# 
   390  0092                     	;# 
   391  0093                     	;# 
   392  0094                     	;# 
   393  0098                     	;# 
   394  0099                     	;# 
   395  009C                     	;# 
   396  009D                     	;# 
   397  009E                     	;# 
   398  009F                     	;# 
   399  010C                     	;# 
   400  010D                     	;# 
   401  010E                     	;# 
   402  010F                     	;# 
   403  018C                     	;# 
   404  018D                     	;# 
   405  0000                     	;# 
   406  0001                     	;# 
   407  0002                     	;# 
   408  0003                     	;# 
   409  0004                     	;# 
   410  0005                     	;# 
   411  0006                     	;# 
   412  0007                     	;# 
   413  000A                     	;# 
   414  000B                     	;# 
   415  000C                     	;# 
   416  000D                     	;# 
   417  000E                     	;# 
   418  000E                     	;# 
   419  000F                     	;# 
   420  0010                     	;# 
   421  0011                     	;# 
   422  0012                     	;# 
   423  0013                     	;# 
   424  0014                     	;# 
   425  0015                     	;# 
   426  0015                     	;# 
   427  0016                     	;# 
   428  0017                     	;# 
   429  0018                     	;# 
   430  0019                     	;# 
   431  001A                     	;# 
   432  001B                     	;# 
   433  001B                     	;# 
   434  001C                     	;# 
   435  001D                     	;# 
   436  001E                     	;# 
   437  001F                     	;# 
   438  0081                     	;# 
   439  0085                     	;# 
   440  0086                     	;# 
   441  0087                     	;# 
   442  008C                     	;# 
   443  008D                     	;# 
   444  008E                     	;# 
   445  0091                     	;# 
   446  0092                     	;# 
   447  0093                     	;# 
   448  0094                     	;# 
   449  0098                     	;# 
   450  0099                     	;# 
   451  009C                     	;# 
   452  009D                     	;# 
   453  009E                     	;# 
   454  009F                     	;# 
   455  010C                     	;# 
   456  010D                     	;# 
   457  010E                     	;# 
   458  010F                     	;# 
   459  018C                     	;# 
   460  018D                     	;# 
   461  0000                     	;# 
   462  0001                     	;# 
   463  0002                     	;# 
   464  0003                     	;# 
   465  0004                     	;# 
   466  0005                     	;# 
   467  0006                     	;# 
   468  0007                     	;# 
   469  000A                     	;# 
   470  000B                     	;# 
   471  000C                     	;# 
   472  000D                     	;# 
   473  000E                     	;# 
   474  000E                     	;# 
   475  000F                     	;# 
   476  0010                     	;# 
   477  0011                     	;# 
   478  0012                     	;# 
   479  0013                     	;# 
   480  0014                     	;# 
   481  0015                     	;# 
   482  0015                     	;# 
   483  0016                     	;# 
   484  0017                     	;# 
   485  0018                     	;# 
   486  0019                     	;# 
   487  001A                     	;# 
   488  001B                     	;# 
   489  001B                     	;# 
   490  001C                     	;# 
   491  001D                     	;# 
   492  001E                     	;# 
   493  001F                     	;# 
   494  0081                     	;# 
   495  0085                     	;# 
   496  0086                     	;# 
   497  0087                     	;# 
   498  008C                     	;# 
   499  008D                     	;# 
   500  008E                     	;# 
   501  0091                     	;# 
   502  0092                     	;# 
   503  0093                     	;# 
   504  0094                     	;# 
   505  0098                     	;# 
   506  0099                     	;# 
   507  009C                     	;# 
   508  009D                     	;# 
   509  009E                     	;# 
   510  009F                     	;# 
   511  010C                     	;# 
   512  010D                     	;# 
   513  010E                     	;# 
   514  010F                     	;# 
   515  018C                     	;# 
   516  018D                     	;# 
   517  0000                     	;# 
   518  0001                     	;# 
   519  0002                     	;# 
   520  0003                     	;# 
   521  0004                     	;# 
   522  0005                     	;# 
   523  0006                     	;# 
   524  0007                     	;# 
   525  000A                     	;# 
   526  000B                     	;# 
   527  000C                     	;# 
   528  000D                     	;# 
   529  000E                     	;# 
   530  000E                     	;# 
   531  000F                     	;# 
   532  0010                     	;# 
   533  0011                     	;# 
   534  0012                     	;# 
   535  0013                     	;# 
   536  0014                     	;# 
   537  0015                     	;# 
   538  0015                     	;# 
   539  0016                     	;# 
   540  0017                     	;# 
   541  0018                     	;# 
   542  0019                     	;# 
   543  001A                     	;# 
   544  001B                     	;# 
   545  001B                     	;# 
   546  001C                     	;# 
   547  001D                     	;# 
   548  001E                     	;# 
   549  001F                     	;# 
   550  0081                     	;# 
   551  0085                     	;# 
   552  0086                     	;# 
   553  0087                     	;# 
   554  008C                     	;# 
   555  008D                     	;# 
   556  008E                     	;# 
   557  0091                     	;# 
   558  0092                     	;# 
   559  0093                     	;# 
   560  0094                     	;# 
   561  0098                     	;# 
   562  0099                     	;# 
   563  009C                     	;# 
   564  009D                     	;# 
   565  009E                     	;# 
   566  009F                     	;# 
   567  010C                     	;# 
   568  010D                     	;# 
   569  010E                     	;# 
   570  010F                     	;# 
   571  018C                     	;# 
   572  018D                     	;# 
   573  0000                     	;# 
   574  0001                     	;# 
   575  0002                     	;# 
   576  0003                     	;# 
   577  0004                     	;# 
   578  0005                     	;# 
   579  0006                     	;# 
   580  0007                     	;# 
   581  000A                     	;# 
   582  000B                     	;# 
   583  000C                     	;# 
   584  000D                     	;# 
   585  000E                     	;# 
   586  000E                     	;# 
   587  000F                     	;# 
   588  0010                     	;# 
   589  0011                     	;# 
   590  0012                     	;# 
   591  0013                     	;# 
   592  0014                     	;# 
   593  0015                     	;# 
   594  0015                     	;# 
   595  0016                     	;# 
   596  0017                     	;# 
   597  0018                     	;# 
   598  0019                     	;# 
   599  001A                     	;# 
   600  001B                     	;# 
   601  001B                     	;# 
   602  001C                     	;# 
   603  001D                     	;# 
   604  001E                     	;# 
   605  001F                     	;# 
   606  0081                     	;# 
   607  0085                     	;# 
   608  0086                     	;# 
   609  0087                     	;# 
   610  008C                     	;# 
   611  008D                     	;# 
   612  008E                     	;# 
   613  0091                     	;# 
   614  0092                     	;# 
   615  0093                     	;# 
   616  0094                     	;# 
   617  0098                     	;# 
   618  0099                     	;# 
   619  009C                     	;# 
   620  009D                     	;# 
   621  009E                     	;# 
   622  009F                     	;# 
   623  010C                     	;# 
   624  010D                     	;# 
   625  010E                     	;# 
   626  010F                     	;# 
   627  018C                     	;# 
   628  018D                     	;# 
   629  0000                     	;# 
   630  0001                     	;# 
   631  0002                     	;# 
   632  0003                     	;# 
   633  0004                     	;# 
   634  0005                     	;# 
   635  0006                     	;# 
   636  0007                     	;# 
   637  000A                     	;# 
   638  000B                     	;# 
   639  000C                     	;# 
   640  000D                     	;# 
   641  000E                     	;# 
   642  000E                     	;# 
   643  000F                     	;# 
   644  0010                     	;# 
   645  0011                     	;# 
   646  0012                     	;# 
   647  0013                     	;# 
   648  0014                     	;# 
   649  0015                     	;# 
   650  0015                     	;# 
   651  0016                     	;# 
   652  0017                     	;# 
   653  0018                     	;# 
   654  0019                     	;# 
   655  001A                     	;# 
   656  001B                     	;# 
   657  001B                     	;# 
   658  001C                     	;# 
   659  001D                     	;# 
   660  001E                     	;# 
   661  001F                     	;# 
   662  0081                     	;# 
   663  0085                     	;# 
   664  0086                     	;# 
   665  0087                     	;# 
   666  008C                     	;# 
   667  008D                     	;# 
   668  008E                     	;# 
   669  0091                     	;# 
   670  0092                     	;# 
   671  0093                     	;# 
   672  0094                     	;# 
   673  0098                     	;# 
   674  0099                     	;# 
   675  009C                     	;# 
   676  009D                     	;# 
   677  009E                     	;# 
   678  009F                     	;# 
   679  010C                     	;# 
   680  010D                     	;# 
   681  010E                     	;# 
   682  010F                     	;# 
   683  018C                     	;# 
   684  018D                     	;# 
   685  0000                     	;# 
   686  0001                     	;# 
   687  0002                     	;# 
   688  0003                     	;# 
   689  0004                     	;# 
   690  0005                     	;# 
   691  0006                     	;# 
   692  0007                     	;# 
   693  000A                     	;# 
   694  000B                     	;# 
   695  000C                     	;# 
   696  000D                     	;# 
   697  000E                     	;# 
   698  000E                     	;# 
   699  000F                     	;# 
   700  0010                     	;# 
   701  0011                     	;# 
   702  0012                     	;# 
   703  0013                     	;# 
   704  0014                     	;# 
   705  0015                     	;# 
   706  0015                     	;# 
   707  0016                     	;# 
   708  0017                     	;# 
   709  0018                     	;# 
   710  0019                     	;# 
   711  001A                     	;# 
   712  001B                     	;# 
   713  001B                     	;# 
   714  001C                     	;# 
   715  001D                     	;# 
   716  001E                     	;# 
   717  001F                     	;# 
   718  0081                     	;# 
   719  0085                     	;# 
   720  0086                     	;# 
   721  0087                     	;# 
   722  008C                     	;# 
   723  008D                     	;# 
   724  008E                     	;# 
   725  0091                     	;# 
   726  0092                     	;# 
   727  0093                     	;# 
   728  0094                     	;# 
   729  0098                     	;# 
   730  0099                     	;# 
   731  009C                     	;# 
   732  009D                     	;# 
   733  009E                     	;# 
   734  009F                     	;# 
   735  010C                     	;# 
   736  010D                     	;# 
   737  010E                     	;# 
   738  010F                     	;# 
   739  018C                     	;# 
   740  018D                     	;# 
   741  0000                     	;# 
   742  0001                     	;# 
   743  0002                     	;# 
   744  0003                     	;# 
   745  0004                     	;# 
   746  0005                     	;# 
   747  0006                     	;# 
   748  0007                     	;# 
   749  000A                     	;# 
   750  000B                     	;# 
   751  000C                     	;# 
   752  000D                     	;# 
   753  000E                     	;# 
   754  000E                     	;# 
   755  000F                     	;# 
   756  0010                     	;# 
   757  0011                     	;# 
   758  0012                     	;# 
   759  0013                     	;# 
   760  0014                     	;# 
   761  0015                     	;# 
   762  0015                     	;# 
   763  0016                     	;# 
   764  0017                     	;# 
   765  0018                     	;# 
   766  0019                     	;# 
   767  001A                     	;# 
   768  001B                     	;# 
   769  001B                     	;# 
   770  001C                     	;# 
   771  001D                     	;# 
   772  001E                     	;# 
   773  001F                     	;# 
   774  0081                     	;# 
   775  0085                     	;# 
   776  0086                     	;# 
   777  0087                     	;# 
   778  008C                     	;# 
   779  008D                     	;# 
   780  008E                     	;# 
   781  0091                     	;# 
   782  0092                     	;# 
   783  0093                     	;# 
   784  0094                     	;# 
   785  0098                     	;# 
   786  0099                     	;# 
   787  009C                     	;# 
   788  009D                     	;# 
   789  009E                     	;# 
   790  009F                     	;# 
   791  010C                     	;# 
   792  010D                     	;# 
   793  010E                     	;# 
   794  010F                     	;# 
   795  018C                     	;# 
   796  018D                     	;# 
   797  0000                     	;# 
   798  0001                     	;# 
   799  0002                     	;# 
   800  0003                     	;# 
   801  0004                     	;# 
   802  0005                     	;# 
   803  0006                     	;# 
   804  0007                     	;# 
   805  000A                     	;# 
   806  000B                     	;# 
   807  000C                     	;# 
   808  000D                     	;# 
   809  000E                     	;# 
   810  000E                     	;# 
   811  000F                     	;# 
   812  0010                     	;# 
   813  0011                     	;# 
   814  0012                     	;# 
   815  0013                     	;# 
   816  0014                     	;# 
   817  0015                     	;# 
   818  0015                     	;# 
   819  0016                     	;# 
   820  0017                     	;# 
   821  0018                     	;# 
   822  0019                     	;# 
   823  001A                     	;# 
   824  001B                     	;# 
   825  001B                     	;# 
   826  001C                     	;# 
   827  001D                     	;# 
   828  001E                     	;# 
   829  001F                     	;# 
   830  0081                     	;# 
   831  0085                     	;# 
   832  0086                     	;# 
   833  0087                     	;# 
   834  008C                     	;# 
   835  008D                     	;# 
   836  008E                     	;# 
   837  0091                     	;# 
   838  0092                     	;# 
   839  0093                     	;# 
   840  0094                     	;# 
   841  0098                     	;# 
   842  0099                     	;# 
   843  009C                     	;# 
   844  009D                     	;# 
   845  009E                     	;# 
   846  009F                     	;# 
   847  010C                     	;# 
   848  010D                     	;# 
   849  010E                     	;# 
   850  010F                     	;# 
   851  018C                     	;# 
   852  018D                     	;# 
   853  0000                     	;# 
   854  0001                     	;# 
   855  0002                     	;# 
   856  0003                     	;# 
   857  0004                     	;# 
   858  0005                     	;# 
   859  0006                     	;# 
   860  0007                     	;# 
   861  000A                     	;# 
   862  000B                     	;# 
   863  000C                     	;# 
   864  000D                     	;# 
   865  000E                     	;# 
   866  000E                     	;# 
   867  000F                     	;# 
   868  0010                     	;# 
   869  0011                     	;# 
   870  0012                     	;# 
   871  0013                     	;# 
   872  0014                     	;# 
   873  0015                     	;# 
   874  0015                     	;# 
   875  0016                     	;# 
   876  0017                     	;# 
   877  0018                     	;# 
   878  0019                     	;# 
   879  001A                     	;# 
   880  001B                     	;# 
   881  001B                     	;# 
   882  001C                     	;# 
   883  001D                     	;# 
   884  001E                     	;# 
   885  001F                     	;# 
   886  0081                     	;# 
   887  0085                     	;# 
   888  0086                     	;# 
   889  0087                     	;# 
   890  008C                     	;# 
   891  008D                     	;# 
   892  008E                     	;# 
   893  0091                     	;# 
   894  0092                     	;# 
   895  0093                     	;# 
   896  0094                     	;# 
   897  0098                     	;# 
   898  0099                     	;# 
   899  009C                     	;# 
   900  009D                     	;# 
   901  009E                     	;# 
   902  009F                     	;# 
   903  010C                     	;# 
   904  010D                     	;# 
   905  010E                     	;# 
   906  010F                     	;# 
   907  018C                     	;# 
   908  018D                     	;# 
   909  0000                     	;# 
   910  0001                     	;# 
   911  0002                     	;# 
   912  0003                     	;# 
   913  0004                     	;# 
   914  0005                     	;# 
   915  0006                     	;# 
   916  0007                     	;# 
   917  000A                     	;# 
   918  000B                     	;# 
   919  000C                     	;# 
   920  000D                     	;# 
   921  000E                     	;# 
   922  000E                     	;# 
   923  000F                     	;# 
   924  0010                     	;# 
   925  0011                     	;# 
   926  0012                     	;# 
   927  0013                     	;# 
   928  0014                     	;# 
   929  0015                     	;# 
   930  0015                     	;# 
   931  0016                     	;# 
   932  0017                     	;# 
   933  0018                     	;# 
   934  0019                     	;# 
   935  001A                     	;# 
   936  001B                     	;# 
   937  001B                     	;# 
   938  001C                     	;# 
   939  001D                     	;# 
   940  001E                     	;# 
   941  001F                     	;# 
   942  0081                     	;# 
   943  0085                     	;# 
   944  0086                     	;# 
   945  0087                     	;# 
   946  008C                     	;# 
   947  008D                     	;# 
   948  008E                     	;# 
   949  0091                     	;# 
   950  0092                     	;# 
   951  0093                     	;# 
   952  0094                     	;# 
   953  0098                     	;# 
   954  0099                     	;# 
   955  009C                     	;# 
   956  009D                     	;# 
   957  009E                     	;# 
   958  009F                     	;# 
   959  010C                     	;# 
   960  010D                     	;# 
   961  010E                     	;# 
   962  010F                     	;# 
   963  018C                     	;# 
   964  018D                     	;# 
   965  0000                     	;# 
   966  0001                     	;# 
   967  0002                     	;# 
   968  0003                     	;# 
   969  0004                     	;# 
   970  0005                     	;# 
   971  0006                     	;# 
   972  0007                     	;# 
   973  000A                     	;# 
   974  000B                     	;# 
   975  000C                     	;# 
   976  000D                     	;# 
   977  000E                     	;# 
   978  000E                     	;# 
   979  000F                     	;# 
   980  0010                     	;# 
   981  0011                     	;# 
   982  0012                     	;# 
   983  0013                     	;# 
   984  0014                     	;# 
   985  0015                     	;# 
   986  0015                     	;# 
   987  0016                     	;# 
   988  0017                     	;# 
   989  0018                     	;# 
   990  0019                     	;# 
   991  001A                     	;# 
   992  001B                     	;# 
   993  001B                     	;# 
   994  001C                     	;# 
   995  001D                     	;# 
   996  001E                     	;# 
   997  001F                     	;# 
   998  0081                     	;# 
   999  0085                     	;# 
  1000  0086                     	;# 
  1001  0087                     	;# 
  1002  008C                     	;# 
  1003  008D                     	;# 
  1004  008E                     	;# 
  1005  0091                     	;# 
  1006  0092                     	;# 
  1007  0093                     	;# 
  1008  0094                     	;# 
  1009  0098                     	;# 
  1010  0099                     	;# 
  1011  009C                     	;# 
  1012  009D                     	;# 
  1013  009E                     	;# 
  1014  009F                     	;# 
  1015  010C                     	;# 
  1016  010D                     	;# 
  1017  010E                     	;# 
  1018  010F                     	;# 
  1019  018C                     	;# 
  1020  018D                     	;# 
  1021                           
  1022 ;; Function _cmd_set is unused but had its address taken
  1023  0000                     
  1024 ;; Function _cmd_get is unused but had its address taken
  1025  0000                     
  1026 ;; Function _cmd_bitop is unused but had its address taken
  1027  0000                     
  1028                           	psect	strings
  1029  0014                     __pstrings:	
  1030  0014                     stringtab:	
  1031  0014                     __stringtab:	
  1032  0014                     stringcode:	
  1033                           ;	String table - string pointers are 1 byte each
  1034                           
  1035  0014                     stringdir:	
  1036  0014  3000               	movlw	high stringdir
  1037  0015  008A               	movwf	10
  1038  0016  0804               	movf	4,w
  1039  0017  0A84               	incf	4,f
  1040  0018  0782               	addwf	2,f
  1041  0019                     __stringbase:	
  1042  0019  3400               	retlw	0
  1043  001A                     __end_of__stringtab:	
  1044  001A                     exp@coeff:	
  1045  001A  3400               	retlw	0
  1046  001B  3400               	retlw	0
  1047  001C  3480               	retlw	128
  1048  001D  343F               	retlw	63
  1049  001E  3418               	retlw	24
  1050  001F  3472               	retlw	114
  1051  0020  3431               	retlw	49
  1052  0021  343F               	retlw	63
  1053  0022  34F0               	retlw	240
  1054  0023  34FD               	retlw	253
  1055  0024  3475               	retlw	117
  1056  0025  343E               	retlw	62
  1057  0026  3447               	retlw	71
  1058  0027  3458               	retlw	88
  1059  0028  3463               	retlw	99
  1060  0029  343D               	retlw	61
  1061  002A  3458               	retlw	88
  1062  002B  3495               	retlw	149
  1063  002C  341D               	retlw	29
  1064  002D  343C               	retlw	60
  1065  002E  3482               	retlw	130
  1066  002F  34C4               	retlw	196
  1067  0030  34AE               	retlw	174
  1068  0031  343A               	retlw	58
  1069  0032  34A8               	retlw	168
  1070  0033  3478               	retlw	120
  1071  0034  3421               	retlw	33
  1072  0035  3439               	retlw	57
  1073  0036  34EF               	retlw	239
  1074  0037  3493               	retlw	147
  1075  0038  3480               	retlw	128
  1076  0039  3437               	retlw	55
  1077  003A  34A0               	retlw	160
  1078  003B  3492               	retlw	146
  1079  003C  34A7               	retlw	167
  1080  003D  3435               	retlw	53
  1081  003E  3446               	retlw	70
  1082  003F  3456               	retlw	86
  1083  0040  3415               	retlw	21
  1084  0041  3434               	retlw	52
  1085  0042                     __end_ofexp@coeff:	
  1086  0042                     log@coeff:	
  1087  0042  3400               	retlw	0
  1088  0043  3400               	retlw	0
  1089  0044  3400               	retlw	0
  1090  0045  3400               	retlw	0
  1091  0046  34C4               	retlw	196
  1092  0047  34FF               	retlw	255
  1093  0048  347F               	retlw	127
  1094  0049  343F               	retlw	63
  1095  004A  3480               	retlw	128
  1096  004B  34EF               	retlw	239
  1097  004C  34FF               	retlw	255
  1098  004D  34BE               	retlw	190
  1099  004E  3490               	retlw	144
  1100  004F  34E1               	retlw	225
  1101  0050  34A9               	retlw	169
  1102  0051  343E               	retlw	62
  1103  0052  34EC               	retlw	236
  1104  0053  3482               	retlw	130
  1105  0054  3476               	retlw	118
  1106  0055  34BE               	retlw	190
  1107  0056  3482               	retlw	130
  1108  0057  34AD               	retlw	173
  1109  0058  342B               	retlw	43
  1110  0059  343E               	retlw	62
  1111  005A  340E               	retlw	14
  1112  005B  343C               	retlw	60
  1113  005C  34C3               	retlw	195
  1114  005D  34BD               	retlw	189
  1115  005E  3487               	retlw	135
  1116  005F  34D1               	retlw	209
  1117  0060  3413               	retlw	19
  1118  0061  343D               	retlw	61
  1119  0062  3441               	retlw	65
  1120  0063  3478               	retlw	120
  1121  0064  34D3               	retlw	211
  1122  0065  34BB               	retlw	187
  1123  0066                     __end_oflog@coeff:	
  1124  0066                     _cmds:	
  1125  0066  348D               	retlw	low ((STR_1-__stringbase)| (0+32768))
  1126  0067  3400               	retlw	0
  1127  0068  3489               	retlw	low ((STR_2-__stringbase)| (0+32768))
  1128  0069  3400               	retlw	0
  1129  006A  3483               	retlw	low ((STR_3-__stringbase)| (0+32768))
  1130  006B  3400               	retlw	0
  1131  006C                     __end_of_cmds:	
  1132  006C                     STR_4:	
  1133  006C  3470               	retlw	112	;'p'
  1134  006D  3469               	retlw	105	;'i'
  1135  006E  3463               	retlw	99	;'c'
  1136  006F  3474               	retlw	116	;'t'
  1137  0070  3465               	retlw	101	;'e'
  1138  0071  3473               	retlw	115	;'s'
  1139  0072  3474               	retlw	116	;'t'
  1140  0073  3420               	retlw	32	;' '
  1141  0074  3473               	retlw	115	;'s'
  1142  0075  3468               	retlw	104	;'h'
  1143  0076  3465               	retlw	101	;'e'
  1144  0077  346C               	retlw	108	;'l'
  1145  0078  346C               	retlw	108	;'l'
  1146  0079  3420               	retlw	32	;' '
  1147  007A  3476               	retlw	118	;'v'
  1148  007B  3431               	retlw	49	;'1'
  1149  007C  342E               	retlw	46	;'.'
  1150  007D  3430               	retlw	48	;'0'
  1151  007E  340A               	retlw	10
  1152  007F  3400               	retlw	0
  1153  0080                     STR_6:	
  1154  0080  346E               	retlw	110	;'n'
  1155  0081  346F               	retlw	111	;'o'
  1156  0082  3420               	retlw	32	;' '
  1157  0083  3473               	retlw	115	;'s'
  1158  0084  3475               	retlw	117	;'u'
  1159  0085  3463               	retlw	99	;'c'
  1160  0086  3468               	retlw	104	;'h'
  1161  0087  3420               	retlw	32	;' '
  1162  0088  3463               	retlw	99	;'c'
  1163  0089  346F               	retlw	111	;'o'
  1164  008A  346D               	retlw	109	;'m'
  1165  008B  346D               	retlw	109	;'m'
  1166  008C  3461               	retlw	97	;'a'
  1167  008D  346E               	retlw	110	;'n'
  1168  008E  3464               	retlw	100	;'d'
  1169  008F  343A               	retlw	58	;':'
  1170  0090  3420               	retlw	32	;' '
  1171  0091  3400               	retlw	0
  1172  0092                     STR_5:	
  1173  0092  342D               	retlw	45	;'-'
  1174  0093  342D               	retlw	45	;'-'
  1175  0094  3420               	retlw	32	;' '
  1176  0095  346F               	retlw	111	;'o'
  1177  0096  346B               	retlw	107	;'k'
  1178  0097  3420               	retlw	32	;' '
  1179  0098  342D               	retlw	45	;'-'
  1180  0099  342D               	retlw	45	;'-'
  1181  009A  340A               	retlw	10
  1182  009B  3400               	retlw	0
  1183  009C                     STR_3:	
  1184  009C  3462               	retlw	98	;'b'
  1185  009D  3469               	retlw	105	;'i'
  1186  009E  3474               	retlw	116	;'t'
  1187  009F  346F               	retlw	111	;'o'
  1188  00A0  3470               	retlw	112	;'p'
  1189  00A1  3400               	retlw	0
  1190  00A2                     STR_2:	
  1191  00A2  3467               	retlw	103	;'g'
  1192  00A3  3465               	retlw	101	;'e'
  1193  00A4  3474               	retlw	116	;'t'
  1194  00A5  3400               	retlw	0
  1195  00A6                     STR_1:	
  1196  00A6  3473               	retlw	115	;'s'
  1197  00A7  3465               	retlw	101	;'e'
  1198  00A8  3474               	retlw	116	;'t'
  1199  00A9  3400               	retlw	0
  1200                           
  1201                           	psect	cinit
  1202  0007                     start_initialization:	
  1203                           ; #config settings
  1204                           
  1205  0007                     __initialization:	
  1206  0007  3020               	movlw	low __pbssBANK0
  1207                           
  1208                           ; Clear objects allocated to COMMON
  1209  0008  01F0               	clrf	__pbssCOMMON& (0+127)
  1210  0009  01F1               	clrf	(__pbssCOMMON+1)& (0+127)
  1211                           
  1212                           ; Clear objects allocated to BANK0
  1213  000A  1383               	bcf	3,7	;select IRP bank0
  1214  000B  0084               	movwf	4
  1215  000C  3031               	movlw	low (__pbssBANK0+17)
  1216  000D  120A  118A  20AA   	fcall	clear_ram0
  1217  0010                     end_of_initialization:	
  1218                           ;End of C runtime variable initialization code
  1219                           
  1220  0010                     __end_of__initialization:	
  1221  0010  0183               	clrf	3
  1222  0011  120A  118A  2804   	ljmp	start	;jump to C main() function
  1223                           
  1224                           	psect	bssCOMMON
  1225  0070                     __pbssCOMMON:	
  1226  0070                     _button_flags:	
  1227  0070                     	ds	1
  1228  0071                     _button_state:	
  1229  0071                     	ds	1
  1230                           
  1231                           	psect	bssBANK0
  1232  0020                     __pbssBANK0:	
  1233  0020                     _buffer:	
  1234  0020                     	ds	17
  1235                           
  1236                           	psect	clrtext
  1237  00AA                     clear_ram0:	
  1238                           ;	Called with FSR containing the base address, and
  1239                           ;	W with the last address+1
  1240                           
  1241  00AA  0064               	clrwdt	;clear the watchdog before getting into this loop
  1242  00AB                     clrloop0:	
  1243  00AB  0180               	clrf	0	;clear RAM location pointed to by FSR
  1244  00AC  0A84               	incf	4,f	;increment pointer
  1245  00AD  0604               	xorwf	4,w	;XOR with final address
  1246  00AE  1903               	btfsc	3,2	;have we reached the end yet?
  1247  00AF  3400               	retlw	0	;all done for this memory range, return
  1248  00B0  0604               	xorwf	4,w	;XOR again to restore value
  1249  00B1  28AB               	goto	clrloop0	;do the next byte
  1250                           
  1251                           	psect	cstackCOMMON
  1252  0000                     __pcstackCOMMON:	
  1253  0000                     ??_main:	
  1254  0000                     ?_main:	
  1255                           ; 0 bytes @ 0x0
  1256                           
  1257                           
  1258                           	psect	maintext
  1259  00B2                     __pmaintext:	
  1260                           ; 2 bytes @ 0x0
  1261 ;;
  1262 ;;Main: autosize = 0, tempsize = 0, incstack = 0, save=0
  1263 ;;
  1264 ;; *************** function _main *****************
  1265 ;; Defined at:
  1266 ;;		line 2 in file "examples/ex01.c"
  1267 ;; Parameters:    Size  Location     Type
  1268 ;;		None
  1269 ;; Auto vars:     Size  Location     Type
  1270 ;;		None
  1271 ;; Return value:  Size  Location     Type
  1272 ;;                  2    2[None  ] int 
  1273 ;; Registers used:
  1274 ;;		None
  1275 ;; Tracked objects:
  1276 ;;		On entry : B00/0
  1277 ;;		On exit  : B00/0
  1278 ;;		Unchanged: B00/0
  1279 ;; Data sizes:     COMMON   BANK0   BANK1   BANK3   BANK2
  1280 ;;      Params:         0       0       0       0       0
  1281 ;;      Locals:         0       0       0       0       0
  1282 ;;      Temps:          0       0       0       0       0
  1283 ;;      Totals:         0       0       0       0       0
  1284 ;;Total ram usage:        0 bytes
  1285 ;; This function calls:
  1286 ;;		Nothing
  1287 ;; This function is called by:
  1288 ;;		Startup code after reset
  1289 ;; This function uses a non-reentrant model
  1290 ;;
  1291                           
  1292                           
  1293                           ;psect for function _main
  1294  00B2                     _main:	
  1295                           
  1296                           ;incstack = 0
  1297                           ; Regs used in _main: []
  1298  00B2  120A  118A  2804   	ljmp	start
  1299  00B5                     __end_of_main:	
  1300  007E                     btemp	set	126	;btemp
  1301  007E                     wtemp	set	126
  1302  007E                     wtemp0	set	126
  1303  0080                     wtemp1	set	128
  1304  0082                     wtemp2	set	130
  1305  0084                     wtemp3	set	132
  1306  0086                     wtemp4	set	134
  1307  0088                     wtemp5	set	136
  1308  007F                     wtemp6	set	127
  1309  007E                     ttemp	set	126
  1310  007E                     ttemp0	set	126
  1311  0081                     ttemp1	set	129
  1312  0084                     ttemp2	set	132
  1313  0087                     ttemp3	set	135
  1314  007F                     ttemp4	set	127
  1315  007E                     ltemp	set	126
  1316  007E                     ltemp0	set	126
  1317  0082                     ltemp1	set	130
  1318  0086                     ltemp2	set	134
  1319  0080                     ltemp3	set	128


Data Sizes:
    Strings     62
    Constant    82
    Data        0
    BSS         19
    Persistent  0
    Stack       0

Auto Spaces:
    Space          Size  Autos    Used
    COMMON           14      0       2
    BANK0            80      0      17
    BANK1            80      0       0
    BANK3            96      0       0
    BANK2            96      0       0

Pointer List with Targets:

    S22$1$1	PTR unsigned char  size(1) Largest target is 0

    S22$1$0	PTR const struct cmd size(1) Largest target is 9
		 -> cmds(CODE[6]), 

    shell_read@sh.putch	PTR FTN(unsigned char ,)void  size(1) Largest target is 0

    shell_read@sh.getch	PTR FTN(unsigned int ,)int  size(1) Largest target is 0

    shell_init@sh.putch	PTR FTN(unsigned char ,)void  size(1) Largest target is 0

    shell_init@sh.getch	PTR FTN(unsigned int ,)int  size(1) Largest target is 0

    S50shell$putch	PTR FTN(unsigned char ,)void  size(1) Largest target is 0

    shell_puts@sh.putch	PTR FTN(unsigned char ,)void  size(1) Largest target is 0

    S50shell$getch	PTR FTN(unsigned int ,)int  size(1) Largest target is 0

    shell_puts@sh.getch	PTR FTN(unsigned int ,)int  size(1) Largest target is 0

    S22cmd$fn	PTR FTN(PTR const struct cmd,PTR unsigned char ,)int  size(1) Largest target is 2
		 -> cmd_bitop(), cmd_get(), cmd_set(), 

    cmds.fn	PTR FTN(PTR const struct cmd,PTR unsigned char ,)int  size(1) Largest target is 2
		 -> cmd_bitop(), cmd_get(), cmd_set(), 

    S22cmd$name	PTR const unsigned char  size(1) Largest target is 6
		 -> STR_3(CODE[6]), STR_2(CODE[4]), STR_1(CODE[4]), 

    cmds.name	PTR const unsigned char  size(1) Largest target is 6
		 -> STR_3(CODE[6]), STR_2(CODE[4]), STR_1(CODE[4]), 


Critical Paths under _main in COMMON

    None.

Critical Paths under _main in BANK0

    None.

Critical Paths under _main in BANK1

    None.

Critical Paths under _main in BANK3

    None.

Critical Paths under _main in BANK2

    None.

Call Graph Tables:

 ---------------------------------------------------------------------------------
 (Depth) Function   	        Calls       Base Space   Used Autos Params    Refs
 ---------------------------------------------------------------------------------
 (0) _main                                                 0     0      0       0
 ---------------------------------------------------------------------------------
 Estimated maximum stack depth 0
 ---------------------------------------------------------------------------------

 Call Graph Graphs:

 _main (ROOT)

 Address spaces:
Name               Size   Autos  Total    Cost      Usage
BITCOMMON            E      0       0       0        0.0%
EEDATA             100      0       0       0        0.0%
NULL                 0      0       0       0        0.0%
CODE                 0      0       0       0        0.0%
COMMON               E      0       2       1       14.3%
BITSFR0              0      0       0       1        0.0%
SFR0                 0      0       0       1        0.0%
BITSFR1              0      0       0       2        0.0%
SFR1                 0      0       0       2        0.0%
STACK                0      0       0       2        0.0%
ABS                  0      0      13       3        0.0%
BITBANK0            50      0       0       4        0.0%
BITSFR3              0      0       0       4        0.0%
SFR3                 0      0       0       4        0.0%
BANK0               50      0      11       5       21.2%
BITSFR2              0      0       0       5        0.0%
SFR2                 0      0       0       5        0.0%
BITBANK1            50      0       0       6        0.0%
BANK1               50      0       0       7        0.0%
BITBANK3            60      0       0       8        0.0%
BANK3               60      0       0       9        0.0%
BITBANK2            60      0       0      10        0.0%
BANK2               60      0       0      11        0.0%
DATA                 0      0      13      12        0.0%


Microchip Technology PIC Macro Assembler V1.34 build -361300703 
Symbol Table                                                                                   Fri Dec 27 15:43:13 2019

                      pc 0002                       fsr 0004                      indf 0000  
                   STR_1 00A6                     STR_2 00A2                     STR_3 009C  
                   STR_4 006C                     STR_5 0092                     STR_6 0080  
                   _cmds 0066                     _main 00B2                     btemp 007E  
                   ltemp 007E                     start 0004                     ttemp 007E  
                   wtemp 007E                    ?_main 0000                    pclath 000A  
                  ltemp0 007E                    ltemp1 0082                    ltemp2 0086  
                  ltemp3 0080                    ttemp0 007E                    ttemp1 0081  
                  ttemp2 0084                    ttemp3 0087                    ttemp4 007F  
                  status 0003                    wtemp0 007E                    wtemp1 0080  
                  wtemp2 0082                    wtemp3 0084                    wtemp4 0086  
                  wtemp5 0088                    wtemp6 007F          __initialization 0007  
           __end_of_cmds 006C             __end_of_main 00B5                   ??_main 0000  
                 _buffer 0020         __end_ofexp@coeff 0042         __end_oflog@coeff 0066  
__end_of__initialization 0010           __pcstackCOMMON 0000               __pbssBANK0 0020  
             __pmaintext 00B2               __stringtab 0014                  _cmd_get 0000  
                _cmd_set 0000                  clrloop0 00AB     end_of_initialization 0010  
    start_initialization 0007              __pbssCOMMON 0070                ___latbits 0002  
           _button_flags 0070             _button_state 0071                _cmd_bitop 0000  
              __pstrings 0014                clear_ram0 00AA              __stringbase 0019  
     __end_of__stringtab 001A            __size_of_main 0003                 exp@coeff 001A  
               log@coeff 0042                stringcode 0014                 stringdir 0014  
               stringtab 0014  
